Training path exists
Validation path exists
entering in wordimageds
Im am inside WordImageDS
Image file path is : /data/zenith/user/tmondal/Font_Data/Train_Data_Server/
exit from wordimageds
Im am inside WordImageDS
Image file path is : /data/zenith/user/tmondal/Font_Data/Validation_Data_Server/
The size of train dataset: 8099561
The size of validation dataset: 1344016
(tensor([[[ 1.9235,  1.9407,  2.0092,  ...,  1.5982,  1.7523,  1.8037],
         [ 1.9235,  1.9407,  2.0092,  ...,  1.5982,  1.7523,  1.8037],
         [ 1.9235,  1.9407,  2.0092,  ...,  1.5982,  1.7523,  1.8037],
         ...,
         [ 0.3652,  0.0569, -0.7308,  ..., -1.4329, -1.5014, -1.5357],
         [ 0.3652,  0.0569, -0.7308,  ..., -1.4329, -1.5014, -1.5357],
         [ 0.3652,  0.0569, -0.7308,  ..., -1.4329, -1.5014, -1.5357]],

        [[ 2.0959,  2.1134,  2.1835,  ...,  1.7633,  1.9209,  1.9734],
         [ 2.0959,  2.1134,  2.1835,  ...,  1.7633,  1.9209,  1.9734],
         [ 2.0959,  2.1134,  2.1835,  ...,  1.7633,  1.9209,  1.9734],
         ...,
         [ 0.5028,  0.1877, -0.6176,  ..., -1.3354, -1.4055, -1.4405],
         [ 0.5028,  0.1877, -0.6176,  ..., -1.3354, -1.4055, -1.4405],
         [ 0.5028,  0.1877, -0.6176,  ..., -1.3354, -1.4055, -1.4405]],

        [[ 2.3088,  2.3263,  2.3960,  ...,  1.9777,  2.1346,  2.1868],
         [ 2.3088,  2.3263,  2.3960,  ...,  1.9777,  2.1346,  2.1868],
         [ 2.3088,  2.3263,  2.3960,  ...,  1.9777,  2.1346,  2.1868],
         ...,
         [ 0.7228,  0.4091, -0.3927,  ..., -1.1073, -1.1770, -1.2119],
         [ 0.7228,  0.4091, -0.3927,  ..., -1.1073, -1.1770, -1.2119],
         [ 0.7228,  0.4091, -0.3927,  ..., -1.1073, -1.1770, -1.2119]]]), tensor([1, 0, 0]), tensor([1, 0, 0]), tensor([1, 0, 0, 0, 0, 0]), tensor([1, 0, 0, 0]))
Let's use 3 GPUs!
model and cuda mixing done
Epoch 0/89
----------
train total loss: 3.3848 scanning loss: 0.5695 font size loss: 0.7302 font type loss: 1.2493  font emphasis loss 0.8358
train mean_loss of all the batches: 3.3848
train scanning_Acc: 0.9820  font size_acc: 0.8171  font type_acc: 0.7941 font emphasis_acc: 0.9074
The epoch_loss is : 3.3848279857920684
The current best accuracy is :  100.0
val total loss: 3.2440 scanning loss: 0.5686 font size loss: 0.7601 font type loss: 1.2957  font emphasis loss 0.8676
val mean_loss of all the batches: 3.2440
val scanning_Acc: 0.9826  font size_acc: 0.7837  font type_acc: 0.7442 font emphasis_acc: 0.8738
The epoch_loss is : 3.2439804077148438
The current best accuracy is :  100.0
saving with loss of 3.2439804077148438 improved over previous 100.0
Saving Model...

Epoch 1/89
----------
train total loss: 3.2505 scanning loss: 0.5622 font size loss: 0.6811 font type loss: 1.1957  font emphasis loss 0.8115
train mean_loss of all the batches: 3.2505
train scanning_Acc: 0.9890  font size_acc: 0.8673  font type_acc: 0.8469 font emphasis_acc: 0.9313
The epoch_loss is : 3.2504870107054873
The current best accuracy is :  3.2439804077148438
val total loss: 3.2271 scanning loss: 0.5692 font size loss: 0.7463 font type loss: 1.2467  font emphasis loss 0.8427
val mean_loss of all the batches: 3.2271
val scanning_Acc: 0.9819  font size_acc: 0.7981  font type_acc: 0.7942 font emphasis_acc: 0.8993
The epoch_loss is : 3.2271316051483154
The current best accuracy is :  3.2439804077148438
saving with loss of 3.2271316051483154 improved over previous 3.2439804077148438
Saving Model...

Epoch 2/89
----------
train total loss: 3.2126 scanning loss: 0.5608 font size loss: 0.6673 font type loss: 1.1794  font emphasis loss 0.8051
train mean_loss of all the batches: 3.2126
train scanning_Acc: 0.9905  font size_acc: 0.8814  font type_acc: 0.8632 font emphasis_acc: 0.9377
The epoch_loss is : 3.2125691843713224
The current best accuracy is :  3.2271316051483154
val total loss: 3.2532 scanning loss: 0.5678 font size loss: 0.7224 font type loss: 1.2474  font emphasis loss 0.8388
val mean_loss of all the batches: 3.2532
val scanning_Acc: 0.9832  font size_acc: 0.8236  font type_acc: 0.7933 font emphasis_acc: 0.9032
The epoch_loss is : 3.253178596496582
The current best accuracy is :  3.2271316051483154

Epoch 3/89
----------
train total loss: 3.1903 scanning loss: 0.5600 font size loss: 0.6591 font type loss: 1.1698  font emphasis loss 0.8014
train mean_loss of all the batches: 3.1903
train scanning_Acc: 0.9913  font size_acc: 0.8897  font type_acc: 0.8727 font emphasis_acc: 0.9415
The epoch_loss is : 3.1903396731143103
The current best accuracy is :  3.2271316051483154
val total loss: 3.2536 scanning loss: 0.5656 font size loss: 0.7013 font type loss: 1.2347  font emphasis loss 0.8419
val mean_loss of all the batches: 3.2536
val scanning_Acc: 0.9855  font size_acc: 0.8455  font type_acc: 0.8062 font emphasis_acc: 0.8999
The epoch_loss is : 3.253608226776123
The current best accuracy is :  3.2271316051483154

Epoch 4/89
----------
train total loss: 3.1749 scanning loss: 0.5594 font size loss: 0.6534 font type loss: 1.1632  font emphasis loss 0.7988
train mean_loss of all the batches: 3.1749
train scanning_Acc: 0.9918  font size_acc: 0.8956  font type_acc: 0.8794 font emphasis_acc: 0.9440
The epoch_loss is : 3.1749013843418004
The current best accuracy is :  3.2271316051483154
val total loss: 3.2088 scanning loss: 0.5669 font size loss: 0.7002 font type loss: 1.2309  font emphasis loss 0.8295
val mean_loss of all the batches: 3.2088
val scanning_Acc: 0.9841  font size_acc: 0.8465  font type_acc: 0.8101 font emphasis_acc: 0.9126
The epoch_loss is : 3.208838939666748
The current best accuracy is :  3.2271316051483154
saving with loss of 3.208838939666748 improved over previous 3.2271316051483154
Saving Model...

Epoch 5/89
----------
train total loss: 3.1638 scanning loss: 0.5590 font size loss: 0.6496 font type loss: 1.1582  font emphasis loss 0.7969
train mean_loss of all the batches: 3.1638
train scanning_Acc: 0.9922  font size_acc: 0.8994  font type_acc: 0.8844 font emphasis_acc: 0.9459
The epoch_loss is : 3.1637986406737775
The current best accuracy is :  3.208838939666748
val total loss: 3.1974 scanning loss: 0.5659 font size loss: 0.7044 font type loss: 1.2205  font emphasis loss 0.8250
val mean_loss of all the batches: 3.1974
val scanning_Acc: 0.9851  font size_acc: 0.8423  font type_acc: 0.8208 font emphasis_acc: 0.9172
The epoch_loss is : 3.1974129676818848
The current best accuracy is :  3.208838939666748
saving with loss of 3.1974129676818848 improved over previous 3.208838939666748
Saving Model...

Epoch 6/89
----------
train total loss: 3.1550 scanning loss: 0.5588 font size loss: 0.6463 font type loss: 1.1544  font emphasis loss 0.7955
train mean_loss of all the batches: 3.1550
train scanning_Acc: 0.9925  font size_acc: 0.9028  font type_acc: 0.8883 font emphasis_acc: 0.9473
The epoch_loss is : 3.154952016847732
The current best accuracy is :  3.1974129676818848
val total loss: 3.1328 scanning loss: 0.5670 font size loss: 0.6899 font type loss: 1.2149  font emphasis loss 0.8267
val mean_loss of all the batches: 3.1328
val scanning_Acc: 0.9840  font size_acc: 0.8574  font type_acc: 0.8263 font emphasis_acc: 0.9156
The epoch_loss is : 3.1327617168426514
The current best accuracy is :  3.1974129676818848
saving with loss of 3.1327617168426514 improved over previous 3.1974129676818848
Saving Model...

Epoch 7/89
----------
train total loss: 3.1476 scanning loss: 0.5585 font size loss: 0.6437 font type loss: 1.1512  font emphasis loss 0.7943
train mean_loss of all the batches: 3.1476
train scanning_Acc: 0.9928  font size_acc: 0.9056  font type_acc: 0.8915 font emphasis_acc: 0.9486
The epoch_loss is : 3.1476313379708127
The current best accuracy is :  3.1327617168426514
val total loss: 3.1688 scanning loss: 0.5641 font size loss: 0.6839 font type loss: 1.2136  font emphasis loss 0.8257
val mean_loss of all the batches: 3.1688
val scanning_Acc: 0.9870  font size_acc: 0.8636  font type_acc: 0.8277 font emphasis_acc: 0.9164
The epoch_loss is : 3.168820858001709
The current best accuracy is :  3.1327617168426514

Epoch 8/89
----------
train total loss: 3.1412 scanning loss: 0.5583 font size loss: 0.6414 font type loss: 1.1484  font emphasis loss 0.7931
train mean_loss of all the batches: 3.1412
train scanning_Acc: 0.9930  font size_acc: 0.9079  font type_acc: 0.8942 font emphasis_acc: 0.9497
The epoch_loss is : 3.14124504407161
The current best accuracy is :  3.1327617168426514
val total loss: 3.1418 scanning loss: 0.5642 font size loss: 0.6863 font type loss: 1.2093  font emphasis loss 0.8286
val mean_loss of all the batches: 3.1418
val scanning_Acc: 0.9869  font size_acc: 0.8611  font type_acc: 0.8323 font emphasis_acc: 0.9135
The epoch_loss is : 3.141779899597168
The current best accuracy is :  3.1327617168426514

Epoch 9/89
----------
train total loss: 3.1023 scanning loss: 0.5568 font size loss: 0.6273 font type loss: 1.1324  font emphasis loss 0.7860
train mean_loss of all the batches: 3.1023
train scanning_Acc: 0.9946  font size_acc: 0.9227  font type_acc: 0.9107 font emphasis_acc: 0.9571
The epoch_loss is : 3.102336006094625
The current best accuracy is :  3.1327617168426514
val total loss: 3.1481 scanning loss: 0.5610 font size loss: 0.6635 font type loss: 1.1858  font emphasis loss 0.8129
val mean_loss of all the batches: 3.1481
val scanning_Acc: 0.9902  font size_acc: 0.8850  font type_acc: 0.8561 font emphasis_acc: 0.9294
The epoch_loss is : 3.148122787475586
The current best accuracy is :  3.1327617168426514

Epoch 10/89
----------
train total loss: 3.0960 scanning loss: 0.5565 font size loss: 0.6250 font type loss: 1.1297  font emphasis loss 0.7848
train mean_loss of all the batches: 3.0960
train scanning_Acc: 0.9948  font size_acc: 0.9250  font type_acc: 0.9135 font emphasis_acc: 0.9583
The epoch_loss is : 3.0960198348679575
The current best accuracy is :  3.1327617168426514
val total loss: 3.1226 scanning loss: 0.5610 font size loss: 0.6623 font type loss: 1.1835  font emphasis loss 0.8121
val mean_loss of all the batches: 3.1226
val scanning_Acc: 0.9902  font size_acc: 0.8863  font type_acc: 0.8585 font emphasis_acc: 0.9305
The epoch_loss is : 3.1226437091827393
The current best accuracy is :  3.1327617168426514
saving with loss of 3.1226437091827393 improved over previous 3.1327617168426514
Saving Model...

Epoch 11/89
----------
train total loss: 3.0935 scanning loss: 0.5564 font size loss: 0.6242 font type loss: 1.1286  font emphasis loss 0.7843
train mean_loss of all the batches: 3.0936
train scanning_Acc: 0.9949  font size_acc: 0.9259  font type_acc: 0.9146 font emphasis_acc: 0.9588
The epoch_loss is : 3.0935494279046623
The current best accuracy is :  3.1226437091827393
val total loss: 3.1308 scanning loss: 0.5607 font size loss: 0.6600 font type loss: 1.1825  font emphasis loss 0.8122
val mean_loss of all the batches: 3.1308
val scanning_Acc: 0.9905  font size_acc: 0.8886  font type_acc: 0.8595 font emphasis_acc: 0.9302
The epoch_loss is : 3.1308348178863525
The current best accuracy is :  3.1226437091827393

Epoch 12/89
----------
train total loss: 3.0916 scanning loss: 0.5564 font size loss: 0.6235 font type loss: 1.1277  font emphasis loss 0.7840
train mean_loss of all the batches: 3.0916
train scanning_Acc: 0.9950  font size_acc: 0.9267  font type_acc: 0.9155 font emphasis_acc: 0.9591
The epoch_loss is : 3.09158108189513
The current best accuracy is :  3.1226437091827393
val total loss: 3.0982 scanning loss: 0.5607 font size loss: 0.6604 font type loss: 1.1826  font emphasis loss 0.8127
val mean_loss of all the batches: 3.0982
val scanning_Acc: 0.9906  font size_acc: 0.8881  font type_acc: 0.8593 font emphasis_acc: 0.9298
The epoch_loss is : 3.0981884002685547
The current best accuracy is :  3.1226437091827393
saving with loss of 3.0981884002685547 improved over previous 3.1226437091827393
Saving Model...

Epoch 13/89
----------
train total loss: 3.0901 scanning loss: 0.5563 font size loss: 0.6229 font type loss: 1.1272  font emphasis loss 0.7837
train mean_loss of all the batches: 3.0901
train scanning_Acc: 0.9950  font size_acc: 0.9272  font type_acc: 0.9160 font emphasis_acc: 0.9594
The epoch_loss is : 3.090131649431301
The current best accuracy is :  3.0981884002685547
val total loss: 3.0962 scanning loss: 0.5608 font size loss: 0.6589 font type loss: 1.1816  font emphasis loss 0.8110
val mean_loss of all the batches: 3.0962
val scanning_Acc: 0.9904  font size_acc: 0.8898  font type_acc: 0.8604 font emphasis_acc: 0.9315
The epoch_loss is : 3.096174955368042
The current best accuracy is :  3.0981884002685547
saving with loss of 3.096174955368042 improved over previous 3.0981884002685547
Saving Model...
